[ 2014-07-25T00:13:56+08:00 ] 49.115.35.116 /
SQL: SHOW COLUMNS FROM `tp_agent` [ RunTime:0.002307s ]
SQL: SELECT * FROM `tp_agent` WHERE ( `siteurl` = 'http://demo.weiqianlong.com' ) LIMIT 1   [ RunTime:0.000185s ]
INFO: [ app_begin ] --START--
INFO: Run ReadHtmlCache Behavior [ RunTime:0.001373s ]
INFO: [ app_begin ] --END-- [ RunTime:0.001538s ]
SQL: SELECT * FROM `tp_agent` WHERE ( `siteurl` = 'http://demo.weiqianlong.com' ) LIMIT 1   [ RunTime:0.000307s ]
SQL: SHOW COLUMNS FROM `tp_links` [ RunTime:0.001714s ]
SQL: SELECT * FROM `tp_links` WHERE ( `status` = 1 ) AND ( `agentid` = 0 )  [ RunTime:0.000182s ]
NOTIC: [2] Cannot use a scalar value as an array /www/web/demo/public_html/WQLCms/_Core/Lib/Core/View.class.php 第 69 行.
INFO: [ view_template ] --START--
INFO: Run LocationTemplate Behavior [ RunTime:-0.016189s ]
INFO: [ view_template ] --END-- [ RunTime:0.001172s ]
INFO: [ view_parse ] --START--
NOTIC: [8] Undefined index:  uid /www/web/demo/public_html/WQLData/logs/Cache/Home/2e8a52062118072a67b4830d753a5408.php 第 260 行.
NOTIC: [8] Undefined variable: site_tel /www/web/demo/public_html/WQLData/logs/Cache/Home/2e8a52062118072a67b4830d753a5408.php 第 438 行.
INFO: Run ParseTemplate Behavior [ RunTime:-0.017542s ]
INFO: [ view_parse ] --END-- [ RunTime:0.050095s ]
INFO: [ view_filter ] --START--
INFO: Run ContentReplace Behavior [ RunTime:-0.067730s ]
INFO: Run TokenBuild Behavior [ RunTime:-0.068632s ]
INFO: Run WriteHtmlCache Behavior [ RunTime:-0.075088s ]
INFO: Run ShowRuntime Behavior [ RunTime:-0.075647s ]
INFO: [ view_filter ] --END-- [ RunTime:0.008878s ]
INFO: [ view_end ] --START--
INFO: Run ShowPageTrace Behavior [ RunTime:-0.076713s ]
INFO: [ view_end ] --END-- [ RunTime:0.001270s ]

[ 2014-07-25T00:14:11+08:00 ] 49.115.35.116 /index.php?m=Index&a=login
SQL: SHOW COLUMNS FROM `tp_agent` [ RunTime:0.002672s ]
SQL: SELECT * FROM `tp_agent` WHERE ( `siteurl` = 'http://demo.weiqianlong.com' ) LIMIT 1   [ RunTime:0.000207s ]
INFO: [ app_begin ] --START--
INFO: Run ReadHtmlCache Behavior [ RunTime:0.001260s ]
INFO: [ app_begin ] --END-- [ RunTime:0.001403s ]
SQL: SELECT * FROM `tp_agent` WHERE ( `siteurl` = 'http://demo.weiqianlong.com' ) LIMIT 1   [ RunTime:0.000368s ]
NOTIC: [2] Cannot use a scalar value as an array /www/web/demo/public_html/WQLCms/_Core/Lib/Core/View.class.php 第 69 行.
INFO: [ view_template ] --START--
INFO: Run LocationTemplate Behavior [ RunTime:-0.014335s ]
INFO: [ view_template ] --END-- [ RunTime:0.006694s ]
INFO: [ view_parse ] --START--
NOTIC: [8] Undefined variable: content /www/web/demo/public_html/WQLData/logs/Cache/Home/2d6ac60a190d2ad772a0136b5e6afe4b.php 第 17 行.
NOTIC: [8] Undefined variable: keyword /www/web/demo/public_html/WQLData/logs/Cache/Home/2d6ac60a190d2ad772a0136b5e6afe4b.php 第 19 行.
INFO: Run ParseTemplate Behavior [ RunTime:-0.021336s ]
INFO: [ view_parse ] --END-- [ RunTime:0.036833s ]
INFO: [ view_filter ] --START--
INFO: Run ContentReplace Behavior [ RunTime:-0.058197s ]
INFO: Run TokenBuild Behavior [ RunTime:-0.062921s ]
INFO: Run WriteHtmlCache Behavior [ RunTime:-0.063909s ]
INFO: Run ShowRuntime Behavior [ RunTime:-0.064695s ]
INFO: [ view_filter ] --END-- [ RunTime:0.008499s ]
INFO: [ view_end ] --START--
INFO: Run ShowPageTrace Behavior [ RunTime:-0.066881s ]
INFO: [ view_end ] --END-- [ RunTime:0.001421s ]

[ 2014-07-25T00:14:18+08:00 ] 49.115.35.116 /index.php?m=Users&a=checklogin
SQL: SHOW COLUMNS FROM `tp_agent` [ RunTime:0.001731s ]
SQL: SELECT * FROM `tp_agent` WHERE ( `siteurl` = 'http://demo.weiqianlong.com' ) LIMIT 1   [ RunTime:0.000162s ]
INFO: [ app_begin ] --START--
INFO: Run ReadHtmlCache Behavior [ RunTime:0.000954s ]
INFO: [ app_begin ] --END-- [ RunTime:0.001089s ]
SQL: SELECT * FROM `tp_agent` WHERE ( `siteurl` = 'http://demo.weiqianlong.com' ) LIMIT 1   [ RunTime:0.000358s ]
SQL: SHOW COLUMNS FROM `tp_users` [ RunTime:0.001765s ]
SQL: SELECT * FROM `tp_users` WHERE ( `username` = 'wql' ) LIMIT 1   [ RunTime:0.000779s ]
SQL: SHOW COLUMNS FROM `tp_user_group` [ RunTime:0.001204s ]
SQL: SELECT * FROM `tp_user_group` WHERE ( `id` = 4 ) LIMIT 1   [ RunTime:0.000128s ]
SQL: UPDATE `tp_users` SET `lasttime`='1406218458',`lastloginmonth`='7',`lastip`='49.115.35.116' WHERE ( `id` = 148 ) [ RunTime:0.000451s ]
NOTIC: [2] Cannot use a scalar value as an array /www/web/demo/public_html/WQLCms/_Core/Lib/Core/View.class.php 第 69 行.
INFO: [ view_template ] --START--
INFO: Run LocationTemplate Behavior [ RunTime:-0.019178s ]
INFO: [ view_template ] --END-- [ RunTime:0.000557s ]
INFO: [ view_parse ] --START--
INFO: Run ParseTemplate Behavior [ RunTime:-0.019856s ]
INFO: [ view_parse ] --END-- [ RunTime:0.021599s ]
INFO: [ view_filter ] --START--
INFO: Run ContentReplace Behavior [ RunTime:-0.041558s ]
INFO: Run TokenBuild Behavior [ RunTime:-0.042283s ]
INFO: Run WriteHtmlCache Behavior [ RunTime:-0.043041s ]
INFO: Run ShowRuntime Behavior [ RunTime:-0.043454s ]
INFO: [ view_filter ] --END-- [ RunTime:0.002555s ]
INFO: [ view_end ] --START--
INFO: Run ShowPageTrace Behavior [ RunTime:-0.044200s ]
INFO: [ view_end ] --END-- [ RunTime:0.000806s ]

[ 2014-07-25T00:14:20+08:00 ] 49.115.35.116 /index.php?g=User&m=Index&a=index
INFO: [ app_begin ] --START--
INFO: Run ReadHtmlCache Behavior [ RunTime:0.004816s ]
INFO: [ app_begin ] --END-- [ RunTime:0.004965s ]
NOTIC: [2048] Declaration of IndexAction::insert() should be compatible with that of BaseAction::insert() /www/web/demo/public_html/WQLCms/Lib/Action/User/IndexAction.class.php 第 2 行.
SQL: SHOW COLUMNS FROM `tp_agent` [ RunTime:0.003366s ]
SQL: SELECT * FROM `tp_agent` WHERE ( `siteurl` = 'http://demo.weiqianlong.com' ) LIMIT 1   [ RunTime:0.000192s ]
SQL: SHOW COLUMNS FROM `tp_user_group` [ RunTime:0.001640s ]
SQL: SELECT * FROM `tp_user_group` WHERE ( `id` = 4 ) LIMIT 1   [ RunTime:0.000493s ]
SQL: SHOW COLUMNS FROM `tp_users` [ RunTime:0.002672s ]
SQL: SELECT * FROM `tp_users` WHERE ( `id` = 148 ) LIMIT 1   [ RunTime:0.000564s ]
SQL: SHOW COLUMNS FROM `tp_wxuser` [ RunTime:0.003238s ]
SQL: SELECT `wxname`,`weixin`,`wxid`,`headerpic` FROM `tp_wxuser` WHERE ( `token` = null ) AND ( `uid` = 148 ) LIMIT 1   [ RunTime:0.000135s ]
SQL: SHOW COLUMNS FROM `tp_token_open` [ RunTime:0.007541s ]
SQL: SELECT `queryname` FROM `tp_token_open` WHERE ( `token` = null ) LIMIT 1   [ RunTime:0.000235s ]
SQL: SHOW COLUMNS FROM `tp_user_group` [ RunTime:0.001401s ]
SQL: SELECT * FROM `tp_user_group`  [ RunTime:0.000224s ]
SQL: SELECT COUNT(*) AS tp_count FROM `tp_wxuser` WHERE ( `uid` = 148 ) LIMIT 1   [ RunTime:0.000130s ]
SQL: SELECT * FROM `tp_wxuser` WHERE ( `uid` = 148 ) LIMIT 0,100   [ RunTime:0.000231s ]
NOTIC: [8] Undefined variable: apiinfo /www/web/demo/public_html/WQLCms/Lib/Action/User/IndexAction.class.php 第 32 行.
SQL: SHOW COLUMNS FROM `tp_diymen_set` [ RunTime:0.001214s ]
SQL: SELECT * FROM `tp_diymen_set` WHERE ( `token` = 'biongs1406198357' ) LIMIT 1   [ RunTime:0.000187s ]
SQL: SELECT * FROM `tp_diymen_set` WHERE ( `token` = 'tkjwmt1406210246' ) LIMIT 1   [ RunTime:0.000119s ]
NOTIC: [8] Undefined variable: apiinfo /www/web/demo/public_html/WQLCms/Lib/Action/User/IndexAction.class.php 第 32 行.
SQL: SELECT * FROM `tp_diymen_set` WHERE ( `token` = 'pcmfuv1406188751' ) LIMIT 1   [ RunTime:0.000111s ]
NOTIC: [8] Undefined variable: apiinfo /www/web/demo/public_html/WQLCms/Lib/Action/User/IndexAction.class.php 第 32 行.
SQL: SELECT * FROM `tp_diymen_set` WHERE ( `token` = 'szailt1406162902' ) LIMIT 1   [ RunTime:0.000120s ]
NOTIC: [8] Undefined variable: apiinfo /www/web/demo/public_html/WQLCms/Lib/Action/User/IndexAction.class.php 第 32 行.
SQL: SELECT * FROM `tp_diymen_set` WHERE ( `token` = 'uwtpym1406187011' ) LIMIT 1   [ RunTime:0.000217s ]
NOTIC: [2] Cannot use a scalar value as an array /www/web/demo/public_html/WQLCms/_Core/Lib/Core/View.class.php 第 69 行.
INFO: [ view_template ] --START--
INFO: Run LocationTemplate Behavior [ RunTime:-0.103428s ]
INFO: [ view_template ] --END-- [ RunTime:0.000856s ]
INFO: [ view_parse ] --START--
INFO: Run ParseTemplate Behavior [ RunTime:-0.108217s ]
INFO: [ view_parse ] --END-- [ RunTime:0.047572s ]
INFO: [ view_filter ] --START--
INFO: Run ContentReplace Behavior [ RunTime:-0.152191s ]
INFO: Run TokenBuild Behavior [ RunTime:-0.153412s ]
INFO: Run WriteHtmlCache Behavior [ RunTime:-0.154630s ]
INFO: Run ShowRuntime Behavior [ RunTime:-0.155762s ]
INFO: [ view_filter ] --END-- [ RunTime:0.004857s ]
INFO: [ view_end ] --START--
INFO: Run ShowPageTrace Behavior [ RunTime:-0.157158s ]
INFO: [ view_end ] --END-- [ RunTime:0.001281s ]

[ 2014-07-25T00:14:22+08:00 ] 49.115.35.116 /index.php?g=User&m=Index&a=info&
INFO: [ app_begin ] --START--
INFO: Run ReadHtmlCache Behavior [ RunTime:0.001003s ]
INFO: [ app_begin ] --END-- [ RunTime:0.001278s ]
NOTIC: [2048] Declaration of IndexAction::insert() should be compatible with that of BaseAction::insert() /www/web/demo/public_html/WQLCms/Lib/Action/User/IndexAction.class.php 第 2 行.
SQL: SHOW COLUMNS FROM `tp_agent` [ RunTime:0.003425s ]
SQL: SELECT * FROM `tp_agent` WHERE ( `siteurl` = 'http://demo.weiqianlong.com' ) LIMIT 1   [ RunTime:0.000270s ]
SQL: SHOW COLUMNS FROM `tp_user_group` [ RunTime:0.001589s ]
SQL: SELECT * FROM `tp_user_group` WHERE ( `id` = 4 ) LIMIT 1   [ RunTime:0.000168s ]
SQL: SHOW COLUMNS FROM `tp_users` [ RunTime:0.010670s ]
SQL: SELECT * FROM `tp_users` WHERE ( `id` = 148 ) LIMIT 1   [ RunTime:0.000147s ]
SQL: SHOW COLUMNS FROM `tp_wxuser` [ RunTime:0.002817s ]
SQL: SELECT `wxname`,`weixin`,`wxid`,`headerpic` FROM `tp_wxuser` WHERE ( `token` = null ) AND ( `uid` = 148 ) LIMIT 1   [ RunTime:0.000175s ]
SQL: SHOW COLUMNS FROM `tp_token_open` [ RunTime:0.001043s ]
SQL: SELECT `queryname` FROM `tp_token_open` WHERE ( `token` = null ) LIMIT 1   [ RunTime:0.000177s ]
SQL: SHOW COLUMNS FROM `tp_user_group` [ RunTime:0.004571s ]
SQL: SELECT * FROM `tp_user_group`  [ RunTime:0.000202s ]
SQL: SELECT COUNT(*) AS tp_count FROM `tp_wxuser` WHERE ( `uid` = 148 ) LIMIT 1   [ RunTime:0.000101s ]
SQL: SELECT * FROM `tp_wxuser` WHERE ( `uid` = 148 ) LIMIT 0,25   [ RunTime:0.000549s ]
SQL: SHOW COLUMNS FROM `tp_diymen_set` [ RunTime:0.001188s ]
SQL: SELECT * FROM `tp_diymen_set` WHERE ( `token` = 'biongs1406198357' ) LIMIT 1   [ RunTime:0.000233s ]
SQL: UPDATE `tp_wxuser` SET `appid`='',`appsecret`='' WHERE ( `id` = 177 ) [ RunTime:0.000469s ]
SQL: SELECT * FROM `tp_diymen_set` WHERE ( `token` = 'tkjwmt1406210246' ) LIMIT 1   [ RunTime:0.000202s ]
SQL: SELECT * FROM `tp_diymen_set` WHERE ( `token` = 'pcmfuv1406188751' ) LIMIT 1   [ RunTime:0.000136s ]
SQL: UPDATE `tp_wxuser` SET `appid`='',`appsecret`='' WHERE ( `id` = 176 ) [ RunTime:0.000289s ]
SQL: SELECT * FROM `tp_diymen_set` WHERE ( `token` = 'szailt1406162902' ) LIMIT 1   [ RunTime:0.000205s ]
SQL: UPDATE `tp_wxuser` SET `appid`='',`appsecret`='' WHERE ( `id` = 173 ) [ RunTime:0.000376s ]
SQL: SELECT * FROM `tp_diymen_set` WHERE ( `token` = 'uwtpym1406187011' ) LIMIT 1   [ RunTime:0.000139s ]
SQL: UPDATE `tp_wxuser` SET `appid`='',`appsecret`='' WHERE ( `id` = 174 ) [ RunTime:0.000440s ]
NOTIC: [2] Cannot use a scalar value as an array /www/web/demo/public_html/WQLCms/_Core/Lib/Core/View.class.php 第 69 行.
INFO: [ view_template ] --START--
INFO: Run LocationTemplate Behavior [ RunTime:-0.100186s ]
INFO: [ view_template ] --END-- [ RunTime:0.001866s ]
INFO: [ view_parse ] --START--
INFO: Run ParseTemplate Behavior [ RunTime:-0.102391s ]
INFO: [ view_parse ] --END-- [ RunTime:0.057197s ]
INFO: [ view_filter ] --START--
INFO: Run ContentReplace Behavior [ RunTime:-0.159715s ]
INFO: Run TokenBuild Behavior [ RunTime:-0.161079s ]
INFO: Run WriteHtmlCache Behavior [ RunTime:-0.162382s ]
INFO: Run ShowRuntime Behavior [ RunTime:-0.163505s ]
INFO: [ view_filter ] --END-- [ RunTime:0.005308s ]
INFO: [ view_end ] --START--
INFO: Run ShowPageTrace Behavior [ RunTime:-0.165263s ]
INFO: [ view_end ] --END-- [ RunTime:0.004936s ]

[ 2014-07-25T00:14:27+08:00 ] 49.115.35.116 /index.php?g=User&m=Index&a=frame&id=177&token=biongs1406198357
INFO: [ app_begin ] --START--
INFO: Run ReadHtmlCache Behavior [ RunTime:0.005295s ]
INFO: [ app_begin ] --END-- [ RunTime:0.005498s ]
NOTIC: [2048] Declaration of IndexAction::insert() should be compatible with that of BaseAction::insert() /www/web/demo/public_html/WQLCms/Lib/Action/User/IndexAction.class.php 第 2 行.
SQL: SHOW COLUMNS FROM `tp_agent` [ RunTime:0.006463s ]
SQL: SELECT * FROM `tp_agent` WHERE ( `siteurl` = 'http://demo.weiqianlong.com' ) LIMIT 1   [ RunTime:0.000261s ]
SQL: SHOW COLUMNS FROM `tp_user_group` [ RunTime:0.001394s ]
SQL: SELECT * FROM `tp_user_group` WHERE ( `id` = 4 ) LIMIT 1   [ RunTime:0.000244s ]
SQL: SHOW COLUMNS FROM `tp_users` [ RunTime:0.002314s ]
SQL: SELECT * FROM `tp_users` WHERE ( `id` = 148 ) LIMIT 1   [ RunTime:0.000198s ]
SQL: SHOW COLUMNS FROM `tp_wxuser` [ RunTime:0.002818s ]
SQL: SELECT `wxname`,`weixin`,`wxid`,`headerpic` FROM `tp_wxuser` WHERE ( `token` = null ) AND ( `uid` = 148 ) LIMIT 1   [ RunTime:0.000225s ]
SQL: SHOW COLUMNS FROM `tp_token_open` [ RunTime:0.001362s ]
SQL: SELECT `queryname` FROM `tp_token_open` WHERE ( `token` = null ) LIMIT 1   [ RunTime:0.000118s ]
SQL: SELECT * FROM `tp_wxuser` WHERE ( `id` = 177 ) LIMIT 1   [ RunTime:0.006479s ]
SQL: SELECT `wxname`,`wxid`,`headerpic`,`weixin` FROM `tp_wxuser` WHERE ( `token` = null ) AND ( `uid` = 148 ) LIMIT 1   [ RunTime:0.000253s ]
NOTIC: [8] Undefined variable: token /www/web/demo/public_html/WQLCms/Lib/Action/User/IndexAction.class.php 第 62 行.
NOTIC: [2] Cannot use a scalar value as an array /www/web/demo/public_html/WQLCms/_Core/Lib/Core/View.class.php 第 69 行.
INFO: [ view_template ] --START--
INFO: Run LocationTemplate Behavior [ RunTime:-0.081362s ]
INFO: [ view_template ] --END-- [ RunTime:0.001517s ]
INFO: [ view_parse ] --START--
INFO: Run ParseTemplate Behavior [ RunTime:-0.083153s ]
INFO: [ view_parse ] --END-- [ RunTime:0.141189s ]
INFO: [ view_filter ] --START--
INFO: Run ContentReplace Behavior [ RunTime:-0.224467s ]
INFO: Run TokenBuild Behavior [ RunTime:-0.225721s ]
INFO: Run WriteHtmlCache Behavior [ RunTime:-0.226912s ]
INFO: Run ShowRuntime Behavior [ RunTime:-0.228466s ]
INFO: [ view_filter ] --END-- [ RunTime:0.005475s ]
INFO: [ view_end ] --START--
INFO: Run ShowPageTrace Behavior [ RunTime:-0.230158s ]
INFO: [ view_end ] --END-- [ RunTime:0.001618s ]

[ 2014-07-25T00:14:27+08:00 ] 49.115.35.116 /index.php?g=User&m=Function&a=info&token=biongs1406198357&id=177
INFO: [ app_begin ] --START--
INFO: Run ReadHtmlCache Behavior [ RunTime:0.001395s ]
INFO: [ app_begin ] --END-- [ RunTime:0.001649s ]
SQL: SHOW COLUMNS FROM `tp_agent` [ RunTime:0.002476s ]
SQL: SELECT * FROM `tp_agent` WHERE ( `siteurl` = 'http://demo.weiqianlong.com' ) LIMIT 1   [ RunTime:0.000239s ]
SQL: SHOW COLUMNS FROM `tp_user_group` [ RunTime:0.001372s ]
SQL: SELECT * FROM `tp_user_group` WHERE ( `id` = 4 ) LIMIT 1   [ RunTime:0.000166s ]
SQL: SHOW COLUMNS FROM `tp_users` [ RunTime:0.002036s ]
SQL: SELECT * FROM `tp_users` WHERE ( `id` = 148 ) LIMIT 1   [ RunTime:0.000206s ]
SQL: SHOW COLUMNS FROM `tp_wxuser` [ RunTime:0.002685s ]
SQL: SELECT `wxname`,`weixin`,`wxid`,`headerpic` FROM `tp_wxuser` WHERE ( `token` = 'biongs1406198357' ) AND ( `uid` = 148 ) LIMIT 1   [ RunTime:0.000123s ]
SQL: SHOW COLUMNS FROM `tp_token_open` [ RunTime:0.001232s ]
SQL: SELECT `queryname` FROM `tp_token_open` WHERE ( `token` = 'biongs1406198357' ) LIMIT 1   [ RunTime:0.000146s ]
SQL: SHOW COLUMNS FROM `tp_requestdata` [ RunTime:0.001251s ]
SQL: SELECT * FROM `tp_requestdata` WHERE ( `token` = 'biongs1406198357' ) AND ( `year` = 2014 ) AND ( `month` = 7 ) AND ( `day` = 25 ) LIMIT 1   [ RunTime:0.000822s ]
SQL: SELECT * FROM `tp_wxuser` WHERE ( `id` = 177 ) LIMIT 1   [ RunTime:0.004263s ]
SQL: SHOW COLUMNS FROM `tp_token_open` [ RunTime:0.002030s ]
SQL: SELECT `id`,`queryname` FROM `tp_token_open` WHERE ( `token` = 'biongs1406198357' ) AND ( `uid` = 148 ) LIMIT 1   [ RunTime:0.000124s ]
SQL: SELECT `id`,`name` FROM `tp_user_group` WHERE status=1 AND agentid=0  [ RunTime:0.000179s ]
SQL: SHOW COLUMNS FROM `tp_function` [ RunTime:0.001297s ]
SQL: SELECT * FROM `tp_function` WHERE ( `status` = 1 ) AND ( `gid` = 1 )  [ RunTime:0.000145s ]
SQL: SELECT * FROM `tp_function` WHERE ( `status` = 1 ) AND ( `gid` = 2 )  [ RunTime:0.000138s ]
SQL: SELECT * FROM `tp_function` WHERE ( `status` = 1 ) AND ( `gid` = 3 )  [ RunTime:0.000122s ]
SQL: SELECT * FROM `tp_function` WHERE ( `status` = 1 ) AND ( `gid` = 4 )  [ RunTime:0.000182s ]
SQL: SELECT `wxname`,`wxid`,`headerpic`,`weixin` FROM `tp_wxuser` WHERE ( `token` = 'biongs1406198357' ) AND ( `uid` = 148 ) LIMIT 1   [ RunTime:0.000174s ]
NOTIC: [2] Cannot use a scalar value as an array /www/web/demo/public_html/WQLCms/_Core/Lib/Core/View.class.php 第 69 行.
INFO: [ view_template ] --START--
INFO: Run LocationTemplate Behavior [ RunTime:-0.079849s ]
INFO: [ view_template ] --END-- [ RunTime:0.000997s ]
INFO: [ view_parse ] --START--
INFO: Run ParseTemplate Behavior [ RunTime:-0.081011s ]
INFO: [ view_parse ] --END-- [ RunTime:0.049761s ]
INFO: [ view_filter ] --START--
INFO: Run ContentReplace Behavior [ RunTime:-0.130947s ]
INFO: Run TokenBuild Behavior [ RunTime:-0.132612s ]
INFO: Run WriteHtmlCache Behavior [ RunTime:-0.133994s ]
INFO: Run ShowRuntime Behavior [ RunTime:-0.134976s ]
INFO: [ view_filter ] --END-- [ RunTime:0.005826s ]
INFO: [ view_end ] --START--
INFO: Run ShowPageTrace Behavior [ RunTime:-0.136976s ]
INFO: [ view_end ] --END-- [ RunTime:0.001993s ]

[ 2014-07-25T00:14:32+08:00 ] 49.115.35.116 /index.php?g=User&m=Baoming&a=index&token=biongs1406198357&id=177
INFO: [ app_begin ] --START--
INFO: Run ReadHtmlCache Behavior [ RunTime:0.001310s ]
INFO: [ app_begin ] --END-- [ RunTime:0.001568s ]
SQL: SHOW COLUMNS FROM `tp_agent` [ RunTime:0.002038s ]
SQL: SELECT * FROM `tp_agent` WHERE ( `siteurl` = 'http://demo.weiqianlong.com' ) LIMIT 1   [ RunTime:0.000407s ]
SQL: SHOW COLUMNS FROM `tp_user_group` [ RunTime:0.001883s ]
SQL: SELECT * FROM `tp_user_group` WHERE ( `id` = 4 ) LIMIT 1   [ RunTime:0.000190s ]
SQL: SHOW COLUMNS FROM `tp_users` [ RunTime:0.001982s ]
SQL: SELECT * FROM `tp_users` WHERE ( `id` = 148 ) LIMIT 1   [ RunTime:0.000275s ]
SQL: SHOW COLUMNS FROM `tp_wxuser` [ RunTime:0.002439s ]
SQL: SELECT `wxname`,`weixin`,`wxid`,`headerpic` FROM `tp_wxuser` WHERE ( `token` = 'biongs1406198357' ) AND ( `uid` = 148 ) LIMIT 1   [ RunTime:0.000196s ]
SQL: SHOW COLUMNS FROM `tp_token_open` [ RunTime:0.001003s ]
SQL: SELECT `queryname` FROM `tp_token_open` WHERE ( `token` = 'biongs1406198357' ) LIMIT 1   [ RunTime:0.000189s ]
SQL: SELECT `queryname` FROM `tp_token_open` WHERE ( `token` = 'biongs1406198357' ) LIMIT 1   [ RunTime:0.000209s ]
SQL: SHOW COLUMNS FROM `tp_function` [ RunTime:0.001104s ]
SQL: SELECT * FROM `tp_function` WHERE ( `funname` = 'Baoming' ) LIMIT 1   [ RunTime:0.004063s ]
SQL: SHOW COLUMNS FROM `tp_baoming_list` [ RunTime:0.002196s ]
SQL: SELECT COUNT(*) AS tp_count FROM `tp_baoming_list` WHERE ( `token` = 'biongs1406198357' ) LIMIT 1   [ RunTime:0.000336s ]
SQL: SELECT * FROM `tp_baoming_list` WHERE ( `token` = 'biongs1406198357' ) ORDER BY sort DESC LIMIT 0,25   [ RunTime:0.000247s ]
NOTIC: [2] Cannot use a scalar value as an array /www/web/demo/public_html/WQLCms/_Core/Lib/Core/View.class.php 第 69 行.
INFO: [ view_template ] --START--
INFO: Run LocationTemplate Behavior [ RunTime:-0.092242s ]
INFO: [ view_template ] --END-- [ RunTime:0.002012s ]
INFO: [ view_parse ] --START--
INFO: Run ParseTemplate Behavior [ RunTime:-0.094700s ]
INFO: [ view_parse ] --END-- [ RunTime:0.051432s ]
INFO: [ view_filter ] --START--
INFO: Run ContentReplace Behavior [ RunTime:-0.146290s ]
INFO: Run TokenBuild Behavior [ RunTime:-0.147309s ]
INFO: Run WriteHtmlCache Behavior [ RunTime:-0.148361s ]
INFO: Run ShowRuntime Behavior [ RunTime:-0.148972s ]
INFO: [ view_filter ] --END-- [ RunTime:0.003808s ]
INFO: [ view_end ] --START--
INFO: Run ShowPageTrace Behavior [ RunTime:-0.151327s ]
INFO: [ view_end ] --END-- [ RunTime:0.006077s ]

[ 2014-07-25T00:14:34+08:00 ] 49.115.35.116 /index.php?g=User&m=Jiejing&a=index&token=biongs1406198357
INFO: [ app_begin ] --START--
INFO: Run ReadHtmlCache Behavior [ RunTime:0.004319s ]
INFO: [ app_begin ] --END-- [ RunTime:0.004504s ]
SQL: SHOW COLUMNS FROM `tp_agent` [ RunTime:0.002136s ]
SQL: SELECT * FROM `tp_agent` WHERE ( `siteurl` = 'http://demo.weiqianlong.com' ) LIMIT 1   [ RunTime:0.000187s ]
SQL: SHOW COLUMNS FROM `tp_user_group` [ RunTime:0.001734s ]
SQL: SELECT * FROM `tp_user_group` WHERE ( `id` = 4 ) LIMIT 1   [ RunTime:0.000219s ]
SQL: SHOW COLUMNS FROM `tp_users` [ RunTime:0.002158s ]
SQL: SELECT * FROM `tp_users` WHERE ( `id` = 148 ) LIMIT 1   [ RunTime:0.000163s ]
SQL: SHOW COLUMNS FROM `tp_wxuser` [ RunTime:0.001887s ]
SQL: SELECT `wxname`,`weixin`,`wxid`,`headerpic` FROM `tp_wxuser` WHERE ( `token` = 'biongs1406198357' ) AND ( `uid` = 148 ) LIMIT 1   [ RunTime:0.000114s ]
SQL: SHOW COLUMNS FROM `tp_token_open` [ RunTime:0.000898s ]
SQL: SELECT `queryname` FROM `tp_token_open` WHERE ( `token` = 'biongs1406198357' ) LIMIT 1   [ RunTime:0.000143s ]
SQL: SHOW COLUMNS FROM `tp_jiejing` [ RunTime:0.006054s ]
SQL: SELECT `queryname` FROM `tp_token_open` WHERE ( `token` = 'biongs1406198357' ) LIMIT 1   [ RunTime:0.000152s ]
SQL: SHOW COLUMNS FROM `tp_function` [ RunTime:0.001423s ]
SQL: SELECT * FROM `tp_function` WHERE ( `funname` = 'Jiejing' ) LIMIT 1   [ RunTime:0.000225s ]
SQL: SELECT * FROM `tp_jiejing` WHERE ( `token` = 'biongs1406198357' ) LIMIT 1   [ RunTime:0.000245s ]
NOTIC: [8] Undefined variable: token /www/web/demo/public_html/WQLCms/Lib/Action/User/JiejingAction.class.php 第 40 行.
NOTIC: [2] Cannot use a scalar value as an array /www/web/demo/public_html/WQLCms/_Core/Lib/Core/View.class.php 第 69 行.
INFO: [ view_template ] --START--
INFO: Run LocationTemplate Behavior [ RunTime:-0.074059s ]
INFO: [ view_template ] --END-- [ RunTime:0.000968s ]
INFO: [ view_parse ] --START--
NOTIC: [8] Undefined variable: id /www/web/demo/public_html/WQLData/logs/Cache/User/f708993ad89c1c733b5f85605bacfc64.php 第 659 行.
INFO: Run ParseTemplate Behavior [ RunTime:-0.075155s ]
INFO: [ view_parse ] --END-- [ RunTime:0.055488s ]
INFO: [ view_filter ] --START--
INFO: Run ContentReplace Behavior [ RunTime:-0.130812s ]
INFO: Run TokenBuild Behavior [ RunTime:-0.132427s ]
INFO: Run WriteHtmlCache Behavior [ RunTime:-0.133747s ]
INFO: Run ShowRuntime Behavior [ RunTime:-0.134584s ]
INFO: [ view_filter ] --END-- [ RunTime:0.005132s ]
INFO: [ view_end ] --START--
INFO: Run ShowPageTrace Behavior [ RunTime:-0.139860s ]
INFO: [ view_end ] --END-- [ RunTime:0.005218s ]

[ 2014-07-25T00:14:38+08:00 ] 49.115.35.116 /index.php?g=User&m=Fenlei&a=index&token=biongs1406198357
INFO: [ app_begin ] --START--
INFO: Run ReadHtmlCache Behavior [ RunTime:0.001118s ]
INFO: [ app_begin ] --END-- [ RunTime:0.001300s ]
SQL: SHOW COLUMNS FROM `tp_agent` [ RunTime:0.006073s ]
SQL: SELECT * FROM `tp_agent` WHERE ( `siteurl` = 'http://demo.weiqianlong.com' ) LIMIT 1   [ RunTime:0.000218s ]
SQL: SHOW COLUMNS FROM `tp_user_group` [ RunTime:0.001096s ]
SQL: SELECT * FROM `tp_user_group` WHERE ( `id` = 4 ) LIMIT 1   [ RunTime:0.000138s ]
SQL: SHOW COLUMNS FROM `tp_users` [ RunTime:0.001760s ]
SQL: SELECT * FROM `tp_users` WHERE ( `id` = 148 ) LIMIT 1   [ RunTime:0.003908s ]
SQL: SHOW COLUMNS FROM `tp_wxuser` [ RunTime:0.002132s ]
SQL: SELECT `wxname`,`weixin`,`wxid`,`headerpic` FROM `tp_wxuser` WHERE ( `token` = 'biongs1406198357' ) AND ( `uid` = 148 ) LIMIT 1   [ RunTime:0.000183s ]
SQL: SHOW COLUMNS FROM `tp_token_open` [ RunTime:0.001127s ]
SQL: SELECT `queryname` FROM `tp_token_open` WHERE ( `token` = 'biongs1406198357' ) LIMIT 1   [ RunTime:0.000101s ]
SQL: SELECT `queryname` FROM `tp_token_open` WHERE ( `token` = 'biongs1406198357' ) LIMIT 1   [ RunTime:0.000136s ]
SQL: SHOW COLUMNS FROM `tp_fenlei` [ RunTime:0.001583s ]
SQL: SELECT COUNT(*) AS tp_count FROM `tp_fenlei` WHERE ( `token` = 'biongs1406198357' ) LIMIT 1   [ RunTime:0.000626s ]
SQL: SELECT * FROM `tp_fenlei` WHERE ( `token` = 'biongs1406198357' ) ORDER BY id desc  [ RunTime:0.000150s ]
NOTIC: [2] Cannot use a scalar value as an array /www/web/demo/public_html/WQLCms/_Core/Lib/Core/View.class.php 第 69 行.
INFO: [ view_template ] --START--
INFO: Run LocationTemplate Behavior [ RunTime:-0.067569s ]
INFO: [ view_template ] --END-- [ RunTime:0.003276s ]
INFO: [ view_parse ] --START--
NOTIC: [8] Undefined variable: key /www/web/demo/public_html/WQLData/logs/Cache/User/630183a1d27d7e029d8e016857ff30be.php 第 664 行.
INFO: Run ParseTemplate Behavior [ RunTime:-0.071630s ]
INFO: [ view_parse ] --END-- [ RunTime:0.032256s ]
INFO: [ view_filter ] --START--
INFO: Run ContentReplace Behavior [ RunTime:-0.104020s ]
INFO: Run TokenBuild Behavior [ RunTime:-0.104873s ]
INFO: Run WriteHtmlCache Behavior [ RunTime:-0.105801s ]
INFO: Run ShowRuntime Behavior [ RunTime:-0.111209s ]
INFO: [ view_filter ] --END-- [ RunTime:0.009962s ]
INFO: [ view_end ] --START--
INFO: Run ShowPageTrace Behavior [ RunTime:-0.114735s ]
INFO: [ view_end ] --END-- [ RunTime:0.005564s ]

[ 2014-07-25T00:14:40+08:00 ] 49.115.35.116 /index.php?g=User&m=Jikedati&a=index&token=biongs1406198357
INFO: [ app_begin ] --START--
INFO: Run ReadHtmlCache Behavior [ RunTime:0.002023s ]
INFO: [ app_begin ] --END-- [ RunTime:0.002194s ]
SQL: SHOW COLUMNS FROM `tp_agent` [ RunTime:0.009125s ]
SQL: SELECT * FROM `tp_agent` WHERE ( `siteurl` = 'http://demo.weiqianlong.com' ) LIMIT 1   [ RunTime:0.000343s ]
SQL: SHOW COLUMNS FROM `tp_user_group` [ RunTime:0.001864s ]
SQL: SELECT * FROM `tp_user_group` WHERE ( `id` = 4 ) LIMIT 1   [ RunTime:0.000250s ]
SQL: SHOW COLUMNS FROM `tp_users` [ RunTime:0.002654s ]
SQL: SELECT * FROM `tp_users` WHERE ( `id` = 148 ) LIMIT 1   [ RunTime:0.000283s ]
SQL: SHOW COLUMNS FROM `tp_wxuser` [ RunTime:0.008448s ]
SQL: SELECT `wxname`,`weixin`,`wxid`,`headerpic` FROM `tp_wxuser` WHERE ( `token` = 'biongs1406198357' ) AND ( `uid` = 148 ) LIMIT 1   [ RunTime:0.000256s ]
SQL: SHOW COLUMNS FROM `tp_token_open` [ RunTime:0.001526s ]
SQL: SELECT `queryname` FROM `tp_token_open` WHERE ( `token` = 'biongs1406198357' ) LIMIT 1   [ RunTime:0.002884s ]
SQL: SELECT `queryname` FROM `tp_token_open` WHERE ( `token` = 'biongs1406198357' ) LIMIT 1   [ RunTime:0.000153s ]
SQL: SHOW COLUMNS FROM `tp_jikedati` [ RunTime:0.001655s ]
SQL: SELECT COUNT(*) AS tp_count FROM `tp_jikedati` WHERE ( `token` = 'biongs1406198357' ) LIMIT 1   [ RunTime:0.000185s ]
SQL: SELECT * FROM `tp_jikedati` WHERE ( `token` = 'biongs1406198357' ) ORDER BY id desc  [ RunTime:0.000167s ]
NOTIC: [2] Cannot use a scalar value as an array /www/web/demo/public_html/WQLCms/_Core/Lib/Core/View.class.php 第 69 行.
INFO: [ view_template ] --START--
INFO: Run LocationTemplate Behavior [ RunTime:-0.115544s ]
INFO: [ view_template ] --END-- [ RunTime:0.000953s ]
INFO: [ view_parse ] --START--
INFO: Run ParseTemplate Behavior [ RunTime:-0.116668s ]
INFO: [ view_parse ] --END-- [ RunTime:0.061824s ]
INFO: [ view_filter ] --START--
INFO: Run ContentReplace Behavior [ RunTime:-0.178719s ]
INFO: Run TokenBuild Behavior [ RunTime:-0.180394s ]
INFO: Run WriteHtmlCache Behavior [ RunTime:-0.181660s ]
INFO: Run ShowRuntime Behavior [ RunTime:-0.182405s ]
INFO: [ view_filter ] --END-- [ RunTime:0.005001s ]
INFO: [ view_end ] --START--
INFO: Run ShowPageTrace Behavior [ RunTime:-0.183817s ]
INFO: [ view_end ] --END-- [ RunTime:0.001219s ]

[ 2014-07-25T00:14:46+08:00 ] 49.115.35.116 /index.php?g=User&m=Index&a=editprint&token=biongs1406198357&id=177
INFO: [ app_begin ] --START--
INFO: Run ReadHtmlCache Behavior [ RunTime:0.001406s ]
INFO: [ app_begin ] --END-- [ RunTime:0.001657s ]
NOTIC: [2048] Declaration of IndexAction::insert() should be compatible with that of BaseAction::insert() /www/web/demo/public_html/WQLCms/Lib/Action/User/IndexAction.class.php 第 2 行.
SQL: SHOW COLUMNS FROM `tp_agent` [ RunTime:0.002704s ]
SQL: SELECT * FROM `tp_agent` WHERE ( `siteurl` = 'http://demo.weiqianlong.com' ) LIMIT 1   [ RunTime:0.000175s ]
SQL: SHOW COLUMNS FROM `tp_user_group` [ RunTime:0.001566s ]
SQL: SELECT * FROM `tp_user_group` WHERE ( `id` = 4 ) LIMIT 1   [ RunTime:0.000133s ]
SQL: SHOW COLUMNS FROM `tp_users` [ RunTime:0.005672s ]
SQL: SELECT * FROM `tp_users` WHERE ( `id` = 148 ) LIMIT 1   [ RunTime:0.000360s ]
SQL: SHOW COLUMNS FROM `tp_wxuser` [ RunTime:0.002623s ]
SQL: SELECT `wxname`,`weixin`,`wxid`,`headerpic` FROM `tp_wxuser` WHERE ( `token` = 'biongs1406198357' ) AND ( `uid` = 148 ) LIMIT 1   [ RunTime:0.000202s ]
SQL: SHOW COLUMNS FROM `tp_token_open` [ RunTime:0.001027s ]
SQL: SELECT `queryname` FROM `tp_token_open` WHERE ( `token` = 'biongs1406198357' ) LIMIT 1   [ RunTime:0.000116s ]
SQL: SELECT * FROM `tp_wxuser` WHERE ( `token` = 'biongs1406198357' ) LIMIT 1   [ RunTime:0.000175s ]
NOTIC: [2] Cannot use a scalar value as an array /www/web/demo/public_html/WQLCms/_Core/Lib/Core/View.class.php 第 69 行.
INFO: [ view_template ] --START--
INFO: Run LocationTemplate Behavior [ RunTime:-0.070131s ]
INFO: [ view_template ] --END-- [ RunTime:0.001260s ]
INFO: [ view_parse ] --START--
INFO: Run ParseTemplate Behavior [ RunTime:-0.071694s ]
INFO: [ view_parse ] --END-- [ RunTime:0.052746s ]
INFO: [ view_filter ] --START--
INFO: Run ContentReplace Behavior [ RunTime:-0.124775s ]
INFO: Run TokenBuild Behavior [ RunTime:-0.126022s ]
INFO: Run WriteHtmlCache Behavior [ RunTime:-0.130807s ]
INFO: Run ShowRuntime Behavior [ RunTime:-0.131790s ]
INFO: [ view_filter ] --END-- [ RunTime:0.008246s ]
INFO: [ view_end ] --START--
INFO: Run ShowPageTrace Behavior [ RunTime:-0.133251s ]
INFO: [ view_end ] --END-- [ RunTime:0.001646s ]

[ 2014-07-25T00:14:50+08:00 ] 49.115.35.116 /index.php?g=User&m=Kefu&a=index&token=biongs1406198357
INFO: [ app_begin ] --START--
INFO: Run ReadHtmlCache Behavior [ RunTime:0.004854s ]
INFO: [ app_begin ] --END-- [ RunTime:0.005058s ]
SQL: SHOW COLUMNS FROM `tp_agent` [ RunTime:0.002448s ]
SQL: SELECT * FROM `tp_agent` WHERE ( `siteurl` = 'http://demo.weiqianlong.com' ) LIMIT 1   [ RunTime:0.000168s ]
SQL: SHOW COLUMNS FROM `tp_user_group` [ RunTime:0.004948s ]
SQL: SELECT * FROM `tp_user_group` WHERE ( `id` = 4 ) LIMIT 1   [ RunTime:0.000138s ]
SQL: SHOW COLUMNS FROM `tp_users` [ RunTime:0.002018s ]
SQL: SELECT * FROM `tp_users` WHERE ( `id` = 148 ) LIMIT 1   [ RunTime:0.000415s ]
SQL: SHOW COLUMNS FROM `tp_wxuser` [ RunTime:0.011916s ]
SQL: SELECT `wxname`,`weixin`,`wxid`,`headerpic` FROM `tp_wxuser` WHERE ( `token` = 'biongs1406198357' ) AND ( `uid` = 148 ) LIMIT 1   [ RunTime:0.000188s ]
SQL: SHOW COLUMNS FROM `tp_token_open` [ RunTime:0.001303s ]
SQL: SELECT `queryname` FROM `tp_token_open` WHERE ( `token` = 'biongs1406198357' ) LIMIT 1   [ RunTime:0.000124s ]
SQL: SHOW COLUMNS FROM `tp_kefu` [ RunTime:0.003266s ]
SQL: SELECT `queryname` FROM `tp_token_open` WHERE ( `token` = 'biongs1406198357' ) LIMIT 1   [ RunTime:0.000434s ]
SQL: SHOW COLUMNS FROM `tp_function` [ RunTime:0.005259s ]
SQL: SELECT * FROM `tp_function` WHERE ( `funname` = 'Kefu' ) LIMIT 1   [ RunTime:0.000428s ]
SQL: SELECT * FROM `tp_kefu` WHERE ( `token` = 'biongs1406198357' ) LIMIT 1   [ RunTime:0.000330s ]
NOTIC: [8] Undefined variable: token /www/web/demo/public_html/WQLCms/Lib/Action/User/KefuAction.class.php 第 39 行.
NOTIC: [2] Cannot use a scalar value as an array /www/web/demo/public_html/WQLCms/_Core/Lib/Core/View.class.php 第 69 行.
INFO: [ view_template ] --START--
INFO: Run LocationTemplate Behavior [ RunTime:-0.092309s ]
INFO: [ view_template ] --END-- [ RunTime:0.001726s ]
INFO: [ view_parse ] --START--
INFO: Run ParseTemplate Behavior [ RunTime:-0.094104s ]
INFO: [ view_parse ] --END-- [ RunTime:0.086956s ]
INFO: [ view_filter ] --START--
INFO: Run ContentReplace Behavior [ RunTime:-0.181152s ]
INFO: Run TokenBuild Behavior [ RunTime:-0.182692s ]
INFO: Run WriteHtmlCache Behavior [ RunTime:-0.193912s ]
INFO: Run ShowRuntime Behavior [ RunTime:-0.195423s ]
INFO: [ view_filter ] --END-- [ RunTime:0.015881s ]
INFO: [ view_end ] --START--
INFO: Run ShowPageTrace Behavior [ RunTime:-0.197341s ]
INFO: [ view_end ] --END-- [ RunTime:0.002159s ]

[ 2014-07-25T00:14:55+08:00 ] 49.115.35.116 /index.php?g=User&m=Wzqemail&a=index&token=biongs1406198357&id=177
INFO: [ app_begin ] --START--
INFO: Run ReadHtmlCache Behavior [ RunTime:0.001427s ]
INFO: [ app_begin ] --END-- [ RunTime:0.001601s ]
SQL: SHOW COLUMNS FROM `tp_agent` [ RunTime:0.002157s ]
SQL: SELECT * FROM `tp_agent` WHERE ( `siteurl` = 'http://demo.weiqianlong.com' ) LIMIT 1   [ RunTime:0.000183s ]
SQL: SHOW COLUMNS FROM `tp_user_group` [ RunTime:0.001100s ]
SQL: SELECT * FROM `tp_user_group` WHERE ( `id` = 4 ) LIMIT 1   [ RunTime:0.000141s ]
SQL: SHOW COLUMNS FROM `tp_users` [ RunTime:0.001542s ]
SQL: SELECT * FROM `tp_users` WHERE ( `id` = 148 ) LIMIT 1   [ RunTime:0.000187s ]
SQL: SHOW COLUMNS FROM `tp_wxuser` [ RunTime:0.006051s ]
SQL: SELECT `wxname`,`weixin`,`wxid`,`headerpic` FROM `tp_wxuser` WHERE ( `token` = 'biongs1406198357' ) AND ( `uid` = 148 ) LIMIT 1   [ RunTime:0.000141s ]
SQL: SHOW COLUMNS FROM `tp_token_open` [ RunTime:0.001025s ]
SQL: SELECT `queryname` FROM `tp_token_open` WHERE ( `token` = 'biongs1406198357' ) LIMIT 1   [ RunTime:0.000124s ]
SQL: SHOW COLUMNS FROM `tp_deliemail` [ RunTime:0.005431s ]
SQL: SELECT * FROM `tp_deliemail` WHERE ( `token` = 'biongs1406198357' ) LIMIT 1   [ RunTime:0.000170s ]
NOTIC: [2] Cannot use a scalar value as an array /www/web/demo/public_html/WQLCms/_Core/Lib/Core/View.class.php 第 69 行.
INFO: [ view_template ] --START--
INFO: Run LocationTemplate Behavior [ RunTime:-0.067563s ]
INFO: [ view_template ] --END-- [ RunTime:0.005033s ]
INFO: [ view_parse ] --START--
INFO: Run ParseTemplate Behavior [ RunTime:-0.072839s ]
INFO: [ view_parse ] --END-- [ RunTime:0.061363s ]
INFO: [ view_filter ] --START--
INFO: Run ContentReplace Behavior [ RunTime:-0.134447s ]
INFO: Run TokenBuild Behavior [ RunTime:-0.136059s ]
INFO: Run WriteHtmlCache Behavior [ RunTime:-0.137927s ]
INFO: Run ShowRuntime Behavior [ RunTime:-0.142262s ]
INFO: [ view_filter ] --END-- [ RunTime:0.009916s ]
INFO: [ view_end ] --START--
INFO: Run ShowPageTrace Behavior [ RunTime:-0.144727s ]
INFO: [ view_end ] --END-- [ RunTime:0.002517s ]

[ 2014-07-25T23:57:52+08:00 ] 218.71.72.36 /
SQL: SHOW COLUMNS FROM `tp_agent` [ RunTime:0.025948s ]
SQL: SELECT * FROM `tp_agent` WHERE ( `siteurl` = 'http://demo.weiqianlong.com' ) LIMIT 1   [ RunTime:0.005103s ]
INFO: [ app_begin ] --START--
INFO: Run ReadHtmlCache Behavior [ RunTime:0.001211s ]
INFO: [ app_begin ] --END-- [ RunTime:0.001313s ]
SQL: SELECT * FROM `tp_agent` WHERE ( `siteurl` = 'http://demo.weiqianlong.com' ) LIMIT 1   [ RunTime:0.000122s ]
SQL: SHOW COLUMNS FROM `tp_links` [ RunTime:0.017255s ]
SQL: SELECT * FROM `tp_links` WHERE ( `status` = 1 ) AND ( `agentid` = 0 )  [ RunTime:0.000263s ]
NOTIC: [2] Cannot use a scalar value as an array /www/web/demo/public_html/WQLCms/_Core/Lib/Core/View.class.php 第 69 行.
INFO: [ view_template ] --START--
INFO: Run LocationTemplate Behavior [ RunTime:-0.027613s ]
INFO: [ view_template ] --END-- [ RunTime:0.000711s ]
INFO: [ view_parse ] --START--
NOTIC: [8] Undefined index:  uid /www/web/demo/public_html/WQLData/logs/Cache/Home/2e8a52062118072a67b4830d753a5408.php 第 260 行.
NOTIC: [8] Undefined variable: site_tel /www/web/demo/public_html/WQLData/logs/Cache/Home/2e8a52062118072a67b4830d753a5408.php 第 438 行.
INFO: Run ParseTemplate Behavior [ RunTime:-0.028449s ]
INFO: [ view_parse ] --END-- [ RunTime:0.031852s ]
INFO: [ view_filter ] --START--
INFO: Run ContentReplace Behavior [ RunTime:-0.060342s ]
INFO: Run TokenBuild Behavior [ RunTime:-0.060937s ]
INFO: Run WriteHtmlCache Behavior [ RunTime:-0.065347s ]
INFO: Run ShowRuntime Behavior [ RunTime:-0.065705s ]
INFO: [ view_filter ] --END-- [ RunTime:0.006342s ]
INFO: [ view_end ] --START--
INFO: Run ShowPageTrace Behavior [ RunTime:-0.066766s ]
INFO: [ view_end ] --END-- [ RunTime:0.000814s ]

[ 2014-07-25T23:58:00+08:00 ] 218.71.72.36 /index.php?m=Index&a=login
SQL: SHOW COLUMNS FROM `tp_agent` [ RunTime:0.001233s ]
SQL: SELECT * FROM `tp_agent` WHERE ( `siteurl` = 'http://demo.weiqianlong.com' ) LIMIT 1   [ RunTime:0.000105s ]
INFO: [ app_begin ] --START--
INFO: Run ReadHtmlCache Behavior [ RunTime:0.000673s ]
INFO: [ app_begin ] --END-- [ RunTime:0.000752s ]
SQL: SELECT * FROM `tp_agent` WHERE ( `siteurl` = 'http://demo.weiqianlong.com' ) LIMIT 1   [ RunTime:0.000136s ]
NOTIC: [2] Cannot use a scalar value as an array /www/web/demo/public_html/WQLCms/_Core/Lib/Core/View.class.php 第 69 行.
INFO: [ view_template ] --START--
INFO: Run LocationTemplate Behavior [ RunTime:-0.007999s ]
INFO: [ view_template ] --END-- [ RunTime:0.000515s ]
INFO: [ view_parse ] --START--
NOTIC: [8] Undefined variable: content /www/web/demo/public_html/WQLData/logs/Cache/Home/2d6ac60a190d2ad772a0136b5e6afe4b.php 第 17 行.
NOTIC: [8] Undefined variable: keyword /www/web/demo/public_html/WQLData/logs/Cache/Home/2d6ac60a190d2ad772a0136b5e6afe4b.php 第 19 行.
INFO: Run ParseTemplate Behavior [ RunTime:-0.008607s ]
INFO: [ view_parse ] --END-- [ RunTime:0.017471s ]
INFO: [ view_filter ] --START--
INFO: Run ContentReplace Behavior [ RunTime:-0.026170s ]
INFO: Run TokenBuild Behavior [ RunTime:-0.026741s ]
INFO: Run WriteHtmlCache Behavior [ RunTime:-0.031010s ]
INFO: Run ShowRuntime Behavior [ RunTime:-0.031342s ]
INFO: [ view_filter ] --END-- [ RunTime:0.005891s ]
INFO: [ view_end ] --START--
INFO: Run ShowPageTrace Behavior [ RunTime:-0.032161s ]
INFO: [ view_end ] --END-- [ RunTime:0.004544s ]

[ 2014-07-25T23:58:05+08:00 ] 218.71.72.36 /index.php?m=Users&a=checklogin
SQL: SHOW COLUMNS FROM `tp_agent` [ RunTime:0.001193s ]
SQL: SELECT * FROM `tp_agent` WHERE ( `siteurl` = 'http://demo.weiqianlong.com' ) LIMIT 1   [ RunTime:0.000102s ]
INFO: [ app_begin ] --START--
INFO: Run ReadHtmlCache Behavior [ RunTime:0.000658s ]
INFO: [ app_begin ] --END-- [ RunTime:0.000735s ]
SQL: SELECT * FROM `tp_agent` WHERE ( `siteurl` = 'http://demo.weiqianlong.com' ) LIMIT 1   [ RunTime:0.000117s ]
SQL: SHOW COLUMNS FROM `tp_users` [ RunTime:0.024495s ]
SQL: SELECT * FROM `tp_users` WHERE ( `username` = '283497031' ) LIMIT 1   [ RunTime:0.015238s ]
SQL: SHOW COLUMNS FROM `tp_user_group` [ RunTime:0.019988s ]
SQL: SELECT * FROM `tp_user_group` WHERE ( `id` = 4 ) LIMIT 1   [ RunTime:0.000743s ]
SQL: UPDATE `tp_users` SET `lasttime`='1406303885',`lastloginmonth`='7',`lastip`='218.71.72.36' WHERE ( `id` = 3 ) [ RunTime:0.000242s ]
NOTIC: [2] Cannot use a scalar value as an array /www/web/demo/public_html/WQLCms/_Core/Lib/Core/View.class.php 第 69 行.
INFO: [ view_template ] --START--
INFO: Run LocationTemplate Behavior [ RunTime:-0.067444s ]
INFO: [ view_template ] --END-- [ RunTime:0.000539s ]
INFO: [ view_parse ] --START--
INFO: Run ParseTemplate Behavior [ RunTime:-0.068120s ]
INFO: [ view_parse ] --END-- [ RunTime:0.013288s ]
INFO: [ view_filter ] --START--
INFO: Run ContentReplace Behavior [ RunTime:-0.081525s ]
INFO: Run TokenBuild Behavior [ RunTime:-0.082018s ]
INFO: Run WriteHtmlCache Behavior [ RunTime:-0.082480s ]
INFO: Run ShowRuntime Behavior [ RunTime:-0.082828s ]
INFO: [ view_filter ] --END-- [ RunTime:0.001880s ]
INFO: [ view_end ] --START--
INFO: Run ShowPageTrace Behavior [ RunTime:-0.083463s ]
INFO: [ view_end ] --END-- [ RunTime:0.005023s ]

[ 2014-07-25T23:58:07+08:00 ] 218.71.72.36 /index.php?g=User&m=Index&a=index
INFO: [ app_begin ] --START--
INFO: Run ReadHtmlCache Behavior [ RunTime:0.000784s ]
INFO: [ app_begin ] --END-- [ RunTime:0.000913s ]
NOTIC: [2048] Declaration of IndexAction::insert() should be compatible with that of BaseAction::insert() /www/web/demo/public_html/WQLCms/Lib/Action/User/IndexAction.class.php 第 2 行.
SQL: SHOW COLUMNS FROM `tp_agent` [ RunTime:0.001279s ]
SQL: SELECT * FROM `tp_agent` WHERE ( `siteurl` = 'http://demo.weiqianlong.com' ) LIMIT 1   [ RunTime:0.000123s ]
SQL: SHOW COLUMNS FROM `tp_user_group` [ RunTime:0.000638s ]
SQL: SELECT * FROM `tp_user_group` WHERE ( `id` = 4 ) LIMIT 1   [ RunTime:0.000095s ]
SQL: SHOW COLUMNS FROM `tp_users` [ RunTime:0.000841s ]
SQL: SELECT * FROM `tp_users` WHERE ( `id` = 3 ) LIMIT 1   [ RunTime:0.000276s ]
SQL: SHOW COLUMNS FROM `tp_wxuser` [ RunTime:0.017096s ]
SQL: SELECT `wxname`,`weixin`,`wxid`,`headerpic` FROM `tp_wxuser` WHERE ( `token` = null ) AND ( `uid` = 3 ) LIMIT 1   [ RunTime:0.009645s ]
SQL: SHOW COLUMNS FROM `tp_token_open` [ RunTime:0.016496s ]
SQL: SELECT `queryname` FROM `tp_token_open` WHERE ( `token` = null ) LIMIT 1   [ RunTime:0.000238s ]
SQL: SHOW COLUMNS FROM `tp_user_group` [ RunTime:0.000670s ]
SQL: SELECT * FROM `tp_user_group`  [ RunTime:0.000192s ]
SQL: SELECT COUNT(*) AS tp_count FROM `tp_wxuser` WHERE ( `uid` = 3 ) LIMIT 1   [ RunTime:0.000225s ]
SQL: SELECT * FROM `tp_wxuser` WHERE ( `uid` = 3 ) LIMIT 0,100   [ RunTime:0.000351s ]
SQL: SHOW COLUMNS FROM `tp_diymen_set` [ RunTime:0.021341s ]
SQL: SELECT * FROM `tp_diymen_set` WHERE ( `token` = 'avljgc1397041839' ) LIMIT 1   [ RunTime:0.000908s ]
NOTIC: [8] Undefined variable: apiinfo /www/web/demo/public_html/WQLCms/Lib/Action/User/IndexAction.class.php 第 32 行.
SQL: SELECT * FROM `tp_diymen_set` WHERE ( `token` = 'nitbda1404287466' ) LIMIT 1   [ RunTime:0.000297s ]
SQL: SELECT * FROM `tp_diymen_set` WHERE ( `token` = 'bbdlvq1404395630' ) LIMIT 1   [ RunTime:0.000241s ]
SQL: SELECT * FROM `tp_diymen_set` WHERE ( `token` = 'fvaczq1405658789' ) LIMIT 1   [ RunTime:0.000331s ]
NOTIC: [2] Cannot use a scalar value as an array /www/web/demo/public_html/WQLCms/_Core/Lib/Core/View.class.php 第 69 行.
INFO: [ view_template ] --START--
INFO: Run LocationTemplate Behavior [ RunTime:-0.096748s ]
INFO: [ view_template ] --END-- [ RunTime:0.000577s ]
INFO: [ view_parse ] --START--
INFO: Run ParseTemplate Behavior [ RunTime:-0.097471s ]
INFO: [ view_parse ] --END-- [ RunTime:0.022149s ]
INFO: [ view_filter ] --START--
INFO: Run ContentReplace Behavior [ RunTime:-0.119721s ]
INFO: Run TokenBuild Behavior [ RunTime:-0.120328s ]
INFO: Run WriteHtmlCache Behavior [ RunTime:-0.120867s ]
INFO: Run ShowRuntime Behavior [ RunTime:-0.121280s ]
INFO: [ view_filter ] --END-- [ RunTime:0.002461s ]
INFO: [ view_end ] --START--
INFO: Run ShowPageTrace Behavior [ RunTime:-0.122415s ]
INFO: [ view_end ] --END-- [ RunTime:0.000939s ]

[ 2014-07-25T23:58:07+08:00 ] 218.71.72.36 /index.php?g=User&m=Index&a=info&
INFO: [ app_begin ] --START--
INFO: Run ReadHtmlCache Behavior [ RunTime:0.000605s ]
INFO: [ app_begin ] --END-- [ RunTime:0.000698s ]
NOTIC: [2048] Declaration of IndexAction::insert() should be compatible with that of BaseAction::insert() /www/web/demo/public_html/WQLCms/Lib/Action/User/IndexAction.class.php 第 2 行.
SQL: SHOW COLUMNS FROM `tp_agent` [ RunTime:0.001186s ]
SQL: SELECT * FROM `tp_agent` WHERE ( `siteurl` = 'http://demo.weiqianlong.com' ) LIMIT 1   [ RunTime:0.000125s ]
SQL: SHOW COLUMNS FROM `tp_user_group` [ RunTime:0.000627s ]
SQL: SELECT * FROM `tp_user_group` WHERE ( `id` = 4 ) LIMIT 1   [ RunTime:0.000094s ]
SQL: SHOW COLUMNS FROM `tp_users` [ RunTime:0.000820s ]
SQL: SELECT * FROM `tp_users` WHERE ( `id` = 3 ) LIMIT 1   [ RunTime:0.000092s ]
SQL: SHOW COLUMNS FROM `tp_wxuser` [ RunTime:0.001130s ]
SQL: SELECT `wxname`,`weixin`,`wxid`,`headerpic` FROM `tp_wxuser` WHERE ( `token` = null ) AND ( `uid` = 3 ) LIMIT 1   [ RunTime:0.000095s ]
SQL: SHOW COLUMNS FROM `tp_token_open` [ RunTime:0.000486s ]
SQL: SELECT `queryname` FROM `tp_token_open` WHERE ( `token` = null ) LIMIT 1   [ RunTime:0.000211s ]
SQL: SHOW COLUMNS FROM `tp_user_group` [ RunTime:0.000735s ]
SQL: SELECT * FROM `tp_user_group`  [ RunTime:0.000083s ]
SQL: SELECT COUNT(*) AS tp_count FROM `tp_wxuser` WHERE ( `uid` = 3 ) LIMIT 1   [ RunTime:0.000208s ]
SQL: SELECT * FROM `tp_wxuser` WHERE ( `uid` = 3 ) LIMIT 0,25   [ RunTime:0.000403s ]
SQL: SHOW COLUMNS FROM `tp_diymen_set` [ RunTime:0.000416s ]
SQL: SELECT * FROM `tp_diymen_set` WHERE ( `token` = 'avljgc1397041839' ) LIMIT 1   [ RunTime:0.000092s ]
SQL: SELECT * FROM `tp_diymen_set` WHERE ( `token` = 'nitbda1404287466' ) LIMIT 1   [ RunTime:0.000088s ]
SQL: UPDATE `tp_wxuser` SET `appid`='',`appsecret`='' WHERE ( `id` = 120 ) [ RunTime:0.000157s ]
SQL: SELECT * FROM `tp_diymen_set` WHERE ( `token` = 'bbdlvq1404395630' ) LIMIT 1   [ RunTime:0.000085s ]
SQL: SELECT * FROM `tp_diymen_set` WHERE ( `token` = 'fvaczq1405658789' ) LIMIT 1   [ RunTime:0.000070s ]
NOTIC: [2] Cannot use a scalar value as an array /www/web/demo/public_html/WQLCms/_Core/Lib/Core/View.class.php 第 69 行.
INFO: [ view_template ] --START--
INFO: Run LocationTemplate Behavior [ RunTime:-0.044910s ]
INFO: [ view_template ] --END-- [ RunTime:0.000861s ]
INFO: [ view_parse ] --START--
INFO: Run ParseTemplate Behavior [ RunTime:-0.045992s ]
INFO: [ view_parse ] --END-- [ RunTime:0.031191s ]
INFO: [ view_filter ] --START--
INFO: Run ContentReplace Behavior [ RunTime:-0.077267s ]
INFO: Run TokenBuild Behavior [ RunTime:-0.077809s ]
INFO: Run WriteHtmlCache Behavior [ RunTime:-0.078558s ]
INFO: Run ShowRuntime Behavior [ RunTime:-0.078954s ]
INFO: [ view_filter ] --END-- [ RunTime:0.002302s ]
INFO: [ view_end ] --START--
INFO: Run ShowPageTrace Behavior [ RunTime:-0.079695s ]
INFO: [ view_end ] --END-- [ RunTime:0.001081s ]

[ 2014-07-25T23:58:11+08:00 ] 218.71.72.36 /index.php?g=Home&m=Index&a=help&id=151&token=fvaczq1405658789
SQL: SHOW COLUMNS FROM `tp_agent` [ RunTime:0.001726s ]
SQL: SELECT * FROM `tp_agent` WHERE ( `siteurl` = 'http://demo.weiqianlong.com' ) LIMIT 1   [ RunTime:0.000142s ]
INFO: [ app_begin ] --START--
INFO: Run ReadHtmlCache Behavior [ RunTime:0.000876s ]
INFO: [ app_begin ] --END-- [ RunTime:0.001016s ]
SQL: SELECT * FROM `tp_agent` WHERE ( `siteurl` = 'http://demo.weiqianlong.com' ) LIMIT 1   [ RunTime:0.000140s ]
NOTIC: [2] Cannot use a scalar value as an array /www/web/demo/public_html/WQLCms/_Core/Lib/Core/View.class.php 第 69 行.
INFO: [ view_template ] --START--
INFO: Run LocationTemplate Behavior [ RunTime:-0.003740s ]
INFO: [ view_template ] --END-- [ RunTime:0.000600s ]
INFO: [ view_parse ] --START--
NOTIC: [2] file_get_contents(./tpl/Home/weiqianlong/Public_footer.html) [<a href='function.file-get-contents'>function.file-get-contents</a>]: failed to open stream: No such file or directory /www/web/demo/public_html/WQLCms/_Core/Lib/Template/ThinkTemplate.class.php 第 624 行.
INFO: Run ParseTemplate Behavior [ RunTime:-0.004512s ]
INFO: [ view_parse ] --END-- [ RunTime:0.023756s ]
INFO: [ view_filter ] --START--
INFO: Run ContentReplace Behavior [ RunTime:-0.028360s ]
INFO: Run TokenBuild Behavior [ RunTime:-0.028834s ]
INFO: Run WriteHtmlCache Behavior [ RunTime:-0.029453s ]
INFO: Run ShowRuntime Behavior [ RunTime:-0.029908s ]
INFO: [ view_filter ] --END-- [ RunTime:0.002172s ]
INFO: [ view_end ] --START--
INFO: Run ShowPageTrace Behavior [ RunTime:-0.030607s ]
INFO: [ view_end ] --END-- [ RunTime:0.000736s ]

[ 2014-07-25T23:59:53+08:00 ] 218.71.72.36 /index.php?g=User&m=Index&a=index
INFO: [ app_begin ] --START--
INFO: Run ReadHtmlCache Behavior [ RunTime:0.000658s ]
INFO: [ app_begin ] --END-- [ RunTime:0.000751s ]
NOTIC: [2048] Declaration of IndexAction::insert() should be compatible with that of BaseAction::insert() /www/web/demo/public_html/WQLCms/Lib/Action/User/IndexAction.class.php 第 2 行.
SQL: SHOW COLUMNS FROM `tp_agent` [ RunTime:0.001130s ]
SQL: SELECT * FROM `tp_agent` WHERE ( `siteurl` = 'http://demo.weiqianlong.com' ) LIMIT 1   [ RunTime:0.000136s ]
SQL: SHOW COLUMNS FROM `tp_user_group` [ RunTime:0.004251s ]
SQL: SELECT * FROM `tp_user_group` WHERE ( `id` = 4 ) LIMIT 1   [ RunTime:0.000127s ]
SQL: SHOW COLUMNS FROM `tp_users` [ RunTime:0.000820s ]
SQL: SELECT * FROM `tp_users` WHERE ( `id` = 3 ) LIMIT 1   [ RunTime:0.000271s ]
SQL: SHOW COLUMNS FROM `tp_wxuser` [ RunTime:0.001413s ]
SQL: SELECT `wxname`,`weixin`,`wxid`,`headerpic` FROM `tp_wxuser` WHERE ( `token` = null ) AND ( `uid` = 3 ) LIMIT 1   [ RunTime:0.000102s ]
SQL: SHOW COLUMNS FROM `tp_token_open` [ RunTime:0.009442s ]
SQL: SELECT `queryname` FROM `tp_token_open` WHERE ( `token` = null ) LIMIT 1   [ RunTime:0.000196s ]
SQL: SHOW COLUMNS FROM `tp_user_group` [ RunTime:0.000587s ]
SQL: SELECT * FROM `tp_user_group`  [ RunTime:0.000167s ]
SQL: SELECT COUNT(*) AS tp_count FROM `tp_wxuser` WHERE ( `uid` = 3 ) LIMIT 1   [ RunTime:0.000085s ]
SQL: SELECT * FROM `tp_wxuser` WHERE ( `uid` = 3 ) LIMIT 0,100   [ RunTime:0.000134s ]
SQL: SHOW COLUMNS FROM `tp_diymen_set` [ RunTime:0.000371s ]
SQL: SELECT * FROM `tp_diymen_set` WHERE ( `token` = 'avljgc1397041839' ) LIMIT 1   [ RunTime:0.000496s ]
NOTIC: [8] Undefined variable: apiinfo /www/web/demo/public_html/WQLCms/Lib/Action/User/IndexAction.class.php 第 32 行.
SQL: SELECT * FROM `tp_diymen_set` WHERE ( `token` = 'nitbda1404287466' ) LIMIT 1   [ RunTime:0.000100s ]
SQL: SELECT * FROM `tp_diymen_set` WHERE ( `token` = 'bbdlvq1404395630' ) LIMIT 1   [ RunTime:0.000100s ]
SQL: SELECT * FROM `tp_diymen_set` WHERE ( `token` = 'fvaczq1405658789' ) LIMIT 1   [ RunTime:0.000100s ]
NOTIC: [2] Cannot use a scalar value as an array /www/web/demo/public_html/WQLCms/_Core/Lib/Core/View.class.php 第 69 行.
INFO: [ view_template ] --START--
INFO: Run LocationTemplate Behavior [ RunTime:-0.047885s ]
INFO: [ view_template ] --END-- [ RunTime:0.000717s ]
INFO: [ view_parse ] --START--
INFO: Run ParseTemplate Behavior [ RunTime:-0.048689s ]
INFO: [ view_parse ] --END-- [ RunTime:0.021374s ]
INFO: [ view_filter ] --START--
INFO: Run ContentReplace Behavior [ RunTime:-0.073825s ]
INFO: Run TokenBuild Behavior [ RunTime:-0.074326s ]
INFO: Run WriteHtmlCache Behavior [ RunTime:-0.074860s ]
INFO: Run ShowRuntime Behavior [ RunTime:-0.075199s ]
INFO: [ view_filter ] --END-- [ RunTime:0.001942s ]
INFO: [ view_end ] --START--
INFO: Run ShowPageTrace Behavior [ RunTime:-0.076127s ]
INFO: [ view_end ] --END-- [ RunTime:0.000986s ]

[ 2014-07-25T23:59:54+08:00 ] 218.71.72.36 /index.php?g=User&m=Index&a=info&
INFO: [ app_begin ] --START--
INFO: Run ReadHtmlCache Behavior [ RunTime:0.000596s ]
INFO: [ app_begin ] --END-- [ RunTime:0.000694s ]
NOTIC: [2048] Declaration of IndexAction::insert() should be compatible with that of BaseAction::insert() /www/web/demo/public_html/WQLCms/Lib/Action/User/IndexAction.class.php 第 2 行.
SQL: SHOW COLUMNS FROM `tp_agent` [ RunTime:0.001552s ]
SQL: SELECT * FROM `tp_agent` WHERE ( `siteurl` = 'http://demo.weiqianlong.com' ) LIMIT 1   [ RunTime:0.000112s ]
SQL: SHOW COLUMNS FROM `tp_user_group` [ RunTime:0.000718s ]
SQL: SELECT * FROM `tp_user_group` WHERE ( `id` = 4 ) LIMIT 1   [ RunTime:0.000091s ]
SQL: SHOW COLUMNS FROM `tp_users` [ RunTime:0.000919s ]
SQL: SELECT * FROM `tp_users` WHERE ( `id` = 3 ) LIMIT 1   [ RunTime:0.000089s ]
SQL: SHOW COLUMNS FROM `tp_wxuser` [ RunTime:0.005176s ]
SQL: SELECT `wxname`,`weixin`,`wxid`,`headerpic` FROM `tp_wxuser` WHERE ( `token` = null ) AND ( `uid` = 3 ) LIMIT 1   [ RunTime:0.000089s ]
SQL: SHOW COLUMNS FROM `tp_token_open` [ RunTime:0.000591s ]
SQL: SELECT `queryname` FROM `tp_token_open` WHERE ( `token` = null ) LIMIT 1   [ RunTime:0.000082s ]
SQL: SHOW COLUMNS FROM `tp_user_group` [ RunTime:0.000660s ]
SQL: SELECT * FROM `tp_user_group`  [ RunTime:0.000083s ]
SQL: SELECT COUNT(*) AS tp_count FROM `tp_wxuser` WHERE ( `uid` = 3 ) LIMIT 1   [ RunTime:0.000066s ]
SQL: SELECT * FROM `tp_wxuser` WHERE ( `uid` = 3 ) LIMIT 0,25   [ RunTime:0.000134s ]
SQL: SHOW COLUMNS FROM `tp_diymen_set` [ RunTime:0.000511s ]
SQL: SELECT * FROM `tp_diymen_set` WHERE ( `token` = 'avljgc1397041839' ) LIMIT 1   [ RunTime:0.000085s ]
SQL: SELECT * FROM `tp_diymen_set` WHERE ( `token` = 'nitbda1404287466' ) LIMIT 1   [ RunTime:0.000092s ]
SQL: UPDATE `tp_wxuser` SET `appid`='',`appsecret`='' WHERE ( `id` = 120 ) [ RunTime:0.000281s ]
SQL: SELECT * FROM `tp_diymen_set` WHERE ( `token` = 'bbdlvq1404395630' ) LIMIT 1   [ RunTime:0.000078s ]
SQL: SELECT * FROM `tp_diymen_set` WHERE ( `token` = 'fvaczq1405658789' ) LIMIT 1   [ RunTime:0.000084s ]
NOTIC: [2] Cannot use a scalar value as an array /www/web/demo/public_html/WQLCms/_Core/Lib/Core/View.class.php 第 69 行.
INFO: [ view_template ] --START--
INFO: Run LocationTemplate Behavior [ RunTime:-0.052032s ]
INFO: [ view_template ] --END-- [ RunTime:0.000710s ]
INFO: [ view_parse ] --START--
INFO: Run ParseTemplate Behavior [ RunTime:-0.056486s ]
INFO: [ view_parse ] --END-- [ RunTime:0.023548s ]
INFO: [ view_filter ] --START--
INFO: Run ContentReplace Behavior [ RunTime:-0.080186s ]
INFO: Run TokenBuild Behavior [ RunTime:-0.084405s ]
INFO: Run WriteHtmlCache Behavior [ RunTime:-0.084967s ]
INFO: Run ShowRuntime Behavior [ RunTime:-0.085363s ]
INFO: [ view_filter ] --END-- [ RunTime:0.005781s ]
INFO: [ view_end ] --START--
INFO: Run ShowPageTrace Behavior [ RunTime:-0.086030s ]
INFO: [ view_end ] --END-- [ RunTime:0.000777s ]

